[2025-02-23T20:18:21.547Z] LoginPage: Starting login attempt
{
  "username": "admin"
}
[2025-02-23T20:18:21.658Z] LoginPage: Login response received
{
  "success": true
}
[2025-02-23T20:18:21.681Z] LoginPage: Login successful, redirecting...
[2025-02-23T20:18:27.625Z] LoginPage: Starting login attempt
{
  "username": "admin"
}
[2025-02-23T20:18:27.808Z] LoginPage: Login response received
{
  "success": true
}
[2025-02-23T20:18:27.842Z] LoginPage: Login successful, redirecting...
[2025-02-23T20:18:46.442Z] LoginPage: Starting login attempt
{
  "username": "admin"
}
[2025-02-23T20:18:46.571Z] LoginPage: Login error
{
  "error": "Invalid session data received"
}
[2025-02-23T20:22:31.934Z] LoginPage: Starting login attempt
{
  "username": "admin"
}
[2025-02-23T20:22:32.410Z] LoginPage: Login response received
{
  "success": true
}
[2025-02-23T20:22:32.425Z] LoginPage: Login successful, redirecting...
[2025-02-23T20:22:38.108Z] LoginPage: Starting login attempt
{
  "username": "admin"
}
[2025-02-23T20:22:38.226Z] LoginPage: Login response received
{
  "success": true
}
[2025-02-23T20:22:38.252Z] LoginPage: Login successful, redirecting...
[2025-02-23T20:22:44.047Z] LoginPage: Starting login attempt
{
  "username": "admin"
}
[2025-02-23T20:22:44.213Z] LoginPage: Login response received
{
  "success": true
}
[2025-02-23T20:22:44.263Z] LoginPage: Login successful, redirecting...
[2025-02-23T20:22:57.673Z] LoginPage: Starting login attempt
{
  "username": "admin"
}
[2025-02-23T20:22:57.783Z] LoginPage: Login error
{
  "error": "Invalid session data received"
}
[2025-02-23T20:26:46.992Z] LoginPage: Starting login attempt
{
  "username": "admin"
}
[2025-02-23T20:26:47.663Z] LoginPage: Login response received
{
  "success": true
}
[2025-02-23T20:26:47.682Z] LoginPage: Login successful, redirecting...
[2025-02-23T20:26:53.095Z] LoginPage: Starting login attempt
{
  "username": "admin"
}
[2025-02-23T20:26:53.208Z] LoginPage: Login response received
{
  "success": true
}
[2025-02-23T20:26:53.227Z] LoginPage: Login successful, redirecting...
[2025-02-23T20:27:00.902Z] LoginPage: Starting login attempt
{
  "username": "admin"
}
[2025-02-23T20:27:01.052Z] LoginPage: Login response received
{
  "success": true
}
[2025-02-23T20:27:01.135Z] LoginPage: Login successful, redirecting...
[2025-02-23T20:27:13.445Z] LoginPage: Starting login attempt
{
  "username": "admin"
}
[2025-02-23T20:27:13.566Z] LoginPage: Login error
{
  "error": "Invalid session data received"
}
[2025-02-23T20:30:10.809Z] LoginPage: Starting login attempt
{
  "username": "admin"
}
[2025-02-23T20:30:11.337Z] LoginPage: Login response received
{
  "success": true
}
[2025-02-23T20:30:11.374Z] LoginPage: Login successful, redirecting...
[2025-02-23T20:39:45.119Z] LoginPage: Starting login attempt
{
  "username": "admin"
}
[2025-02-23T20:39:45.306Z] LoginPage: Login response received
{
  "success": true
}
[2025-02-23T20:39:45.326Z] LoginPage: Login successful, redirecting...
[2025-02-23T20:47:35.909Z] LoginPage: Starting login attempt
{
  "username": "admin"
}
[2025-02-23T20:47:36.321Z] LoginPage: Login response received
{
  "success": true
}
[2025-02-23T20:47:36.358Z] LoginPage: Login successful, redirecting...
[2025-02-23T20:47:48.346Z] LoginPage: Starting login attempt
{
  "username": "admin"
}
[2025-02-23T20:47:48.469Z] LoginPage: Login response received
{
  "success": true
}
[2025-02-23T20:47:48.497Z] LoginPage: Login successful, redirecting...
[2025-02-23T20:47:53.560Z] LoginPage: Starting login attempt
{
  "username": "admin"
}
[2025-02-23T20:47:53.710Z] LoginPage: Login error
{
  "error": "Session expired. Please login again."
}
[2025-02-23T20:48:00.794Z] LoginPage: Starting login attempt
{
  "username": "admin"
}
[2025-02-23T20:48:00.977Z] LoginPage: Login response received
{
  "success": true
}
[2025-02-23T20:48:01.044Z] LoginPage: Login successful, redirecting...
[2025-02-23T20:48:22.804Z] LoginPage: Starting login attempt
{
  "username": "admin"
}
[2025-02-23T20:48:22.950Z] LoginPage: Login error
{
  "error": "Invalid session data received"
}
[2025-02-23T23:13:37.937Z] LoginPage: Starting login attempt
{
  "username": "admin"
}
[2025-02-23T23:13:41.735Z] LoginPage: Login error
{
  "error": "No response received from server"
}
[2025-02-23T23:13:53.470Z] LoginPage: Starting login attempt
{
  "username": "admin"
}
[2025-02-23T23:13:54.319Z] LoginPage: Login response received
{
  "success": true
}
[2025-02-23T23:13:54.342Z] LoginPage: Login successful, redirecting...
[2025-02-24T00:22:53.493Z] LoginPage: Starting login attempt
{
  "username": "admin"
}
[2025-02-24T00:22:53.736Z] LoginPage: Login error
{
  "error": "Internal server error"
}
[2025-02-24T01:02:28.432Z] LoginPage: Starting login attempt
{
  "username": "admin"
}
[2025-02-24T01:02:28.876Z] LoginPage: Login error
{
  "error": "Internal server error"
}
[2025-02-24T01:03:59.978Z] LoginPage: Starting login attempt
{
  "username": "admin"
}
[2025-02-24T01:04:00.238Z] LoginPage: Login error
{
  "error": "Internal server error"
}
[2025-02-24T01:19:42.704Z] LoginPage: Starting login attempt
{
  "username": "admin"
}
[2025-02-24T01:19:42.891Z] LoginPage: Login response received
{
  "success": true
}
[2025-02-24T01:19:42.909Z] LoginPage: Login successful, redirecting...
[2025-02-24T01:27:36.842Z] LoginPage: Starting login attempt
{
  "username": "admin"
}
[2025-02-24T01:27:37.095Z] LoginPage: Login response received
{
  "success": true
}
[2025-02-24T01:27:37.114Z] LoginPage: Login successful, redirecting...
[2025-02-24T01:35:29.070Z] LoginPage: Starting login attempt
{
  "username": "admin"
}
[2025-02-24T01:35:29.775Z] LoginPage: Login response received
{
  "success": true
}
[2025-02-24T01:35:29.789Z] LoginPage: Login successful, redirecting...
[2025-02-24T01:40:14.698Z] LoginPage: Starting login attempt
{
  "username": "admin"
}
[2025-02-24T01:40:15.108Z] LoginPage: Login response received
{
  "success": true
}
[2025-02-24T01:40:15.126Z] LoginPage: Login successful, redirecting...
[2025-02-24T01:50:40.736Z] LoginPage: Starting login attempt
{
  "username": "admin"
}
[2025-02-24T01:50:40.903Z] LoginPage: Login response received
{
  "success": true
}
[2025-02-24T01:50:40.921Z] LoginPage: Login successful, redirecting...
[2025-02-24T01:51:40.765Z] LoginPage: Starting login attempt
{
  "username": "admin"
}
[2025-02-24T01:51:40.965Z] LoginPage: Login response received
{
  "success": true
}
[2025-02-24T01:51:40.989Z] LoginPage: Login successful, redirecting...
[2025-02-24T01:51:48.542Z] LoginPage: Starting login attempt
{
  "username": "admin"
}
[2025-02-24T01:51:48.708Z] LoginPage: Login response received
{
  "success": true
}
[2025-02-24T01:51:48.775Z] LoginPage: Login successful, redirecting...
[2025-02-24T01:51:58.154Z] LoginPage: Starting login attempt
{
  "username": "admin"
}
[2025-02-24T01:51:58.293Z] LoginPage: Login response received
{
  "success": true
}
[2025-02-24T01:51:58.313Z] LoginPage: Login successful, redirecting...
[2025-02-24T01:53:27.262Z] LoginPage: Starting login attempt
{
  "username": "admin"
}
[2025-02-24T01:53:27.373Z] LoginPage: Login error
{
  "error": "Invalid session data received"
}
