{
  "timestamp": "2025-02-24T21:08:19.241Z",
  "message": "Starting session cleanup",
  "data": {
    "attempt": 1,
    "timestamp": "2025-02-24T21:08:19.241Z"
  },
  "level": "jobs"
}
{
  "timestamp": "2025-02-24T21:08:19.480Z",
  "message": "Sessions cleanup completed",
  "data": {
    "metrics": {
      "startTime": 1740431299241,
      "sessionsChecked": 0,
      "sessionsDeleted": 0,
      "errors": 0,
      "duration": 239
    },
    "timestamp": "2025-02-24T21:08:19.480Z"
  },
  "level": "jobs"
}
{
  "timestamp": "2025-02-24T21:08:26.133Z",
  "message": "Starting session cleanup",
  "data": {
    "attempt": 1,
    "timestamp": "2025-02-24T21:08:26.133Z"
  },
  "level": "jobs"
}
{
  "timestamp": "2025-02-24T21:08:26.243Z",
  "message": "Sessions cleanup completed",
  "data": {
    "metrics": {
      "startTime": 1740431306133,
      "sessionsChecked": 0,
      "sessionsDeleted": 0,
      "errors": 0,
      "duration": 110
    },
    "timestamp": "2025-02-24T21:08:26.243Z"
  },
  "level": "jobs"
}
{
  "timestamp": "2025-02-24T21:10:54.108Z",
  "message": "Starting session cleanup",
  "data": {
    "attempt": 1,
    "timestamp": "2025-02-24T21:10:54.108Z"
  },
  "level": "jobs"
}
{
  "timestamp": "2025-02-24T21:10:54.265Z",
  "message": "Sessions cleanup completed",
  "data": {
    "metrics": {
      "startTime": 1740431454108,
      "sessionsChecked": 0,
      "sessionsDeleted": 0,
      "errors": 0,
      "duration": 157
    },
    "timestamp": "2025-02-24T21:10:54.265Z"
  },
  "level": "jobs"
}
{
  "timestamp": "2025-02-24T21:11:19.681Z",
  "message": "Starting session cleanup",
  "data": {
    "attempt": 1,
    "timestamp": "2025-02-24T21:11:19.681Z"
  },
  "level": "jobs"
}
{
  "timestamp": "2025-02-24T21:11:19.799Z",
  "message": "Sessions cleanup completed",
  "data": {
    "metrics": {
      "startTime": 1740431479681,
      "sessionsChecked": 0,
      "sessionsDeleted": 0,
      "errors": 0,
      "duration": 118
    },
    "timestamp": "2025-02-24T21:11:19.799Z"
  },
  "level": "jobs"
}
{
  "timestamp": "2025-02-24T21:14:43.824Z",
  "message": "Starting session cleanup",
  "data": {
    "attempt": 1,
    "timestamp": "2025-02-24T21:14:43.823Z"
  },
  "level": "jobs"
}
{
  "timestamp": "2025-02-24T21:14:44.036Z",
  "message": "Sessions cleanup completed",
  "data": {
    "metrics": {
      "startTime": 1740431683823,
      "sessionsChecked": 0,
      "sessionsDeleted": 0,
      "errors": 0,
      "duration": 213
    },
    "timestamp": "2025-02-24T21:14:44.036Z"
  },
  "level": "jobs"
}
{
  "timestamp": "2025-02-24T21:14:50.654Z",
  "message": "Starting session cleanup",
  "data": {
    "attempt": 1,
    "timestamp": "2025-02-24T21:14:50.654Z"
  },
  "level": "jobs"
}
{
  "timestamp": "2025-02-24T21:14:50.741Z",
  "message": "Sessions cleanup completed",
  "data": {
    "metrics": {
      "startTime": 1740431690654,
      "sessionsChecked": 0,
      "sessionsDeleted": 0,
      "errors": 0,
      "duration": 87
    },
    "timestamp": "2025-02-24T21:14:50.741Z"
  },
  "level": "jobs"
}
{
  "timestamp": "2025-02-24T21:20:32.670Z",
  "message": "Starting session cleanup",
  "data": {
    "attempt": 1,
    "timestamp": "2025-02-24T21:20:32.670Z"
  },
  "level": "jobs"
}
{
  "timestamp": "2025-02-24T21:20:32.825Z",
  "message": "Sessions cleanup completed",
  "data": {
    "metrics": {
      "startTime": 1740432032669,
      "sessionsChecked": 0,
      "sessionsDeleted": 0,
      "errors": 0,
      "duration": 156
    },
    "timestamp": "2025-02-24T21:20:32.825Z"
  },
  "level": "jobs"
}
{
  "timestamp": "2025-02-24T21:20:56.301Z",
  "message": "Starting session cleanup",
  "data": {
    "attempt": 1,
    "timestamp": "2025-02-24T21:20:56.301Z"
  },
  "level": "jobs"
}
{
  "timestamp": "2025-02-24T21:20:56.418Z",
  "message": "Sessions cleanup completed",
  "data": {
    "metrics": {
      "startTime": 1740432056301,
      "sessionsChecked": 0,
      "sessionsDeleted": 0,
      "errors": 0,
      "duration": 117
    },
    "timestamp": "2025-02-24T21:20:56.418Z"
  },
  "level": "jobs"
}
{
  "timestamp": "2025-02-24T21:23:41.468Z",
  "message": "Session cleanup job started",
  "level": "jobs"
}
{
  "timestamp": "2025-02-24T21:23:41.473Z",
  "message": "Starting session cleanup",
  "data": {
    "attempt": 1,
    "timestamp": "2025-02-24T21:23:41.473Z"
  },
  "level": "jobs"
}
{
  "timestamp": "2025-02-24T21:23:41.564Z",
  "message": "Sessions cleanup completed",
  "data": {
    "metrics": {
      "startTime": 1740432221473,
      "sessionsChecked": 0,
      "sessionsDeleted": 0,
      "errors": 0,
      "duration": 91
    },
    "timestamp": "2025-02-24T21:23:41.564Z"
  },
  "level": "jobs"
}
{
  "timestamp": "2025-02-24T21:31:29.327Z",
  "message": "Session cleanup job started",
  "level": "jobs"
}
{
  "timestamp": "2025-02-24T21:31:29.336Z",
  "message": "Starting session cleanup",
  "data": {
    "attempt": 1,
    "timestamp": "2025-02-24T21:31:29.336Z"
  },
  "level": "jobs"
}
{
  "timestamp": "2025-02-24T21:31:29.445Z",
  "message": "Sessions cleanup completed",
  "data": {
    "metrics": {
      "startTime": 1740432689336,
      "sessionsChecked": 0,
      "sessionsDeleted": 0,
      "errors": 0,
      "duration": 109
    },
    "timestamp": "2025-02-24T21:31:29.445Z"
  },
  "level": "jobs"
}
{
  "timestamp": "2025-02-24T21:38:33.029Z",
  "message": "Session cleanup job started",
  "level": "jobs"
}
{
  "timestamp": "2025-02-24T21:38:38.723Z",
  "message": "Session cleanup job started",
  "level": "jobs"
}
{
  "timestamp": "2025-02-24T21:38:58.657Z",
  "message": "Session cleanup job started",
  "level": "jobs"
}
{
  "timestamp": "2025-02-24T21:44:06.805Z",
  "message": "Session cleanup job started",
  "level": "jobs"
}
{
  "timestamp": "2025-02-24T21:44:12.525Z",
  "message": "Session cleanup job started",
  "level": "jobs"
}
{
  "timestamp": "2025-02-24T21:44:40.729Z",
  "message": "Session cleanup job started",
  "level": "jobs"
}
{
  "timestamp": "2025-02-24T21:45:14.899Z",
  "message": "Session cleanup job started",
  "level": "jobs"
}
{
  "timestamp": "2025-02-24T21:56:06.052Z",
  "message": "Session cleanup job started",
  "level": "jobs"
}
{
  "timestamp": "2025-02-24T22:56:22.863Z",
  "message": "Session cleanup completed",
  "data": {
    "metrics": {
      "activeSessionCount": 0,
      "cleanupDuration": 17,
      "lastCleanupTime": "2025-02-24T22:56:22.863Z",
      "errorCount": 0
    },
    "duration": 17
  },
  "level": "jobs"
}
{
  "timestamp": "2025-02-24T22:57:57.519Z",
  "message": "Session cleanup completed",
  "data": {
    "metrics": {
      "activeSessionCount": 0,
      "cleanupDuration": 12,
      "lastCleanupTime": "2025-02-24T22:57:57.519Z",
      "errorCount": 0
    },
    "duration": 12
  },
  "level": "jobs"
}
{
  "timestamp": "2025-02-24T22:59:28.983Z",
  "message": "Session cleanup completed",
  "data": {
    "metrics": {
      "activeSessionCount": 0,
      "cleanupDuration": 12,
      "lastCleanupTime": "2025-02-24T22:59:28.983Z",
      "errorCount": 0
    },
    "duration": 12
  },
  "level": "jobs"
}
{
  "timestamp": "2025-02-24T23:00:35.131Z",
  "message": "Session cleanup completed",
  "data": {
    "metrics": {
      "activeSessionCount": 0,
      "cleanupDuration": 12,
      "lastCleanupTime": "2025-02-24T23:00:35.130Z",
      "errorCount": 0
    },
    "duration": 12
  },
  "level": "jobs"
}
{
  "timestamp": "2025-02-24T23:03:00.400Z",
  "message": "Session cleanup completed",
  "data": {
    "metrics": {
      "activeSessionCount": 0,
      "cleanupDuration": 10,
      "lastCleanupTime": "2025-02-24T23:03:00.400Z",
      "errorCount": 0
    },
    "duration": 10
  },
  "level": "jobs"
}
{
  "timestamp": "2025-02-24T23:26:49.302Z",
  "message": "Session cleanup job started",
  "level": "jobs"
}
{
  "timestamp": "2025-02-24T23:40:06.394Z",
  "message": "Session cleanup job started",
  "level": "jobs"
}
{
  "timestamp": "2025-02-24T23:49:29.866Z",
  "message": "Session cleanup job started",
  "level": "jobs"
}
{
  "timestamp": "2025-02-24T23:54:36.026Z",
  "message": "Session cleanup job started",
  "level": "jobs"
}
{
  "timestamp": "2025-02-25T00:03:48.400Z",
  "message": "Session cleanup job started",
  "level": "jobs"
}
{
  "timestamp": "2025-02-25T00:08:36.601Z",
  "message": "Session cleanup job started",
  "level": "jobs"
}
{
  "timestamp": "2025-02-25T00:14:49.447Z",
  "message": "Session cleanup job started",
  "level": "jobs"
}
{
  "timestamp": "2025-02-25T00:15:51.671Z",
  "message": "Session cleanup job started",
  "level": "jobs"
}
{
  "timestamp": "2025-02-25T00:33:59.494Z",
  "message": "Session cleanup job started",
  "level": "jobs"
}
{
  "timestamp": "2025-02-25T00:40:46.766Z",
  "message": "Session cleanup job started",
  "level": "jobs"
}
{
  "timestamp": "2025-02-25T00:42:49.500Z",
  "message": "Session cleanup job started",
  "level": "jobs"
}
{
  "timestamp": "2025-02-25T00:46:00.686Z",
  "message": "Session cleanup job started",
  "level": "jobs"
}
{
  "timestamp": "2025-02-25T00:52:51.612Z",
  "message": "Session cleanup job started",
  "level": "jobs"
}
